<?xml version="1.0" encoding="UTF-8"?>
<testng-results skipped="0" failed="0" ignored="0" total="1" passed="1">
  <reporter-output>
  </reporter-output>
  <suite name="Suite" duration-ms="143" started-at="2020-03-08T05:31:13Z" finished-at="2020-03-08T05:31:13Z">
    <groups>
    </groups>
    <test name="Test" duration-ms="143" started-at="2020-03-08T05:31:13Z" finished-at="2020-03-08T05:31:13Z">
      <class name="samplePackage.FirstMavenClass">
        <test-method status="PASS" signature="test1()[pri:0, instance:samplePackage.FirstMavenClass@3fb6a447]" name="test1" duration-ms="20" started-at="2020-03-08T11:01:13Z" finished-at="2020-03-08T11:01:13Z">
          <reporter-output>
          </reporter-output>
        </test-method> <!-- test1 -->
      </class> <!-- samplePackage.FirstMavenClass -->
    </test> <!-- Test -->
  </suite> <!-- Suite -->
</testng-results>
